2022-10-30 19:39:18,351 7156 [DEBUG] - XmlConfiguration is now operational
2022-10-30 19:39:18,861 7156 [INFO ] - ============================================================
2022-10-30 19:39:19,454 7156 [DEBUG] - Attempting to create directory "C:\Users\HP\Desktop\myPythonCodes\config".
2022-10-30 19:39:19,515 6680 [WARN ] - This is try 1/3. Retrying after 300 milliseconds.
 Error converted to warning:
 The process cannot access the file 'C:\Users\HP\Desktop\myPythonCodes\config\chocolatey.config' because it is being used by another process.
2022-10-30 19:39:21,844 6680 [DEBUG] - User may be subject to UAC, checking for a split token (not 100% 
 effective).
2022-10-30 19:39:22,126 7156 [DEBUG] - Attempting to replace "C:\Users\HP\Desktop\myPythonCodes\config\chocolatey.config"
 with "C:\Users\HP\Desktop\myPythonCodes\config\chocolatey.config.7156.update".
 Backup placed at "C:\Users\HP\Desktop\myPythonCodes\config\chocolatey.config.backup".
2022-10-30 19:39:22,131 7156 [DEBUG] - Attempting to copy "C:\Users\HP\Desktop\myPythonCodes\config\chocolatey.config.7156.update"
 to "C:\Users\HP\Desktop\myPythonCodes\config\chocolatey.config".
2022-10-30 19:39:22,136 7156 [DEBUG] - Attempting to delete file "C:\Users\HP\Desktop\myPythonCodes\config\chocolatey.config.7156.update".
2022-10-30 19:39:22,181 6680 [INFO ] - Chocolatey v1.1.0
2022-10-30 19:39:22,181 7156 [INFO ] - Chocolatey v1.1.0
2022-10-30 19:39:22,185 7156 [INFO ] - Please run 'choco -?' or 'choco <command> -?' for help menu.
2022-10-30 19:39:22,218 6680 [DEBUG] - Chocolatey is running on Windows v 10.0.10586.65536
2022-10-30 19:39:22,220 7156 [DEBUG] - Attempting to delete file "C:/ProgramData/chocolatey/choco.exe.old".
2022-10-30 19:39:22,221 7156 [DEBUG] - Attempting to delete file "C:\ProgramData\chocolatey\choco.exe.old".
2022-10-30 19:39:22,222 6680 [DEBUG] - Attempting to delete file "C:\ProgramData\chocolatey\choco.exe.old".
2022-10-30 19:39:22,228 7156 [DEBUG] - Attempting to create directory "C:\Users\HP\Desktop\myPythonCodes\helpers".
2022-10-30 19:39:22,230 6680 [DEBUG] - Attempting to create directory "C:\Users\HP\Desktop\myPythonCodes\helpers".
2022-10-30 19:39:22,232 6680 [DEBUG] - Unable to extract binary:
 The process cannot access the file 'C:\Users\HP\Desktop\myPythonCodes\helpers\chocolateyInstaller.psm1' because it is being used by another process.
2022-10-30 19:39:22,268 6680 [DEBUG] - Attempting to create directory "C:\Users\HP\Desktop\myPythonCodes\helpers\functions".
2022-10-30 19:39:22,291 6680 [DEBUG] - Unable to extract binary:
 The process cannot access the file 'C:\Users\HP\Desktop\myPythonCodes\helpers\functions\Get-CheckSumValid.ps1' because it is being used by another process.
2022-10-30 19:39:22,339 7156 [DEBUG] - Unable to extract binary:
 The process cannot access the file 'C:\Users\HP\Desktop\myPythonCodes\helpers\functions\Get-ChocolateyWebFile.ps1' because it is being used by another process.
2022-10-30 19:39:22,370 6680 [DEBUG] - Unable to extract binary:
 The process cannot access the file 'C:\Users\HP\Desktop\myPythonCodes\helpers\functions\Get-OSArchitectureWidth.ps1' because it is being used by another process.
2022-10-30 19:39:22,396 7156 [DEBUG] - Unable to extract binary:
 The process cannot access the file 'C:\Users\HP\Desktop\myPythonCodes\helpers\functions\Get-VirusCheckValid.ps1' because it is being used by another process.
2022-10-30 19:39:22,435 7156 [DEBUG] - Unable to extract binary:
 The process cannot access the file 'C:\Users\HP\Desktop\myPythonCodes\helpers\functions\Get-WebHeaders.ps1' because it is being used by another process.
2022-10-30 19:39:22,456 7156 [DEBUG] - Unable to extract binary:
 The process cannot access the file 'C:\Users\HP\Desktop\myPythonCodes\helpers\functions\Install-ChocolateyExplorerMenuItem.ps1' because it is being used by another process.
2022-10-30 19:39:22,549 7156 [DEBUG] - Unable to extract binary:
 The process cannot access the file 'C:\Users\HP\Desktop\myPythonCodes\helpers\functions\Install-ChocolateyPackage.ps1' because it is being used by another process.
2022-10-30 19:39:22,619 7156 [DEBUG] - Unable to extract binary:
 The process cannot access the file 'C:\Users\HP\Desktop\myPythonCodes\helpers\functions\Install-ChocolateyPinnedTaskBarItem.ps1' because it is being used by another process.
2022-10-30 19:39:22,641 7156 [DEBUG] - Unable to extract binary:
 The process cannot access the file 'C:\Users\HP\Desktop\myPythonCodes\helpers\functions\Install-ChocolateyShortcut.ps1' because it is being used by another process.
2022-10-30 19:39:22,700 7156 [DEBUG] - Unable to extract binary:
 The process cannot access the file 'C:\Users\HP\Desktop\myPythonCodes\helpers\functions\Start-ChocolateyProcessAsAdmin.ps1' because it is being used by another process.
2022-10-30 19:39:22,756 6680 [DEBUG] - Unable to extract binary:
 The process cannot access the file 'C:\Users\HP\Desktop\myPythonCodes\helpers\functions\Update-SessionEnvironment.ps1' because it is being used by another process.
2022-10-30 19:39:22,782 7156 [DEBUG] - Unable to extract binary:
 The process cannot access the file 'C:\Users\HP\Desktop\myPythonCodes\helpers\functions\Get-EnvironmentVariableNames.ps1' because it is being used by another process.
2022-10-30 19:39:22,823 6680 [DEBUG] - Unable to extract binary:
 The process cannot access the file 'C:\Users\HP\Desktop\myPythonCodes\helpers\functions\Install-BinFile.ps1' because it is being used by another process.
2022-10-30 19:39:22,853 6680 [DEBUG] - Unable to extract binary:
 The process cannot access the file 'C:\Users\HP\Desktop\myPythonCodes\helpers\chocolateyScriptRunner.ps1' because it is being used by another process.
2022-10-30 19:39:22,897 6680 [DEBUG] - Unable to extract binary:
 The process cannot access the file 'C:\Users\HP\Desktop\myPythonCodes\helpers\ChocolateyTabExpansion.ps1' because it is being used by another process.
2022-10-30 19:39:22,930 7156 [DEBUG] - Unable to extract binary:
 The process cannot access the file 'C:\Users\HP\Desktop\myPythonCodes\helpers\functions\Install-Vsix.ps1' because it is being used by another process.
2022-10-30 19:39:22,949 7156 [DEBUG] - Unable to extract binary:
 The process cannot access the file 'C:\Users\HP\Desktop\myPythonCodes\helpers\functions\Get-UninstallRegistryKey.ps1' because it is being used by another process.
2022-10-30 19:39:22,982 6680 [DEBUG] - Attempting to create directory "C:\Users\HP\Desktop\myPythonCodes\redirects".
2022-10-30 19:39:23,006 7156 [DEBUG] - Attempting to create directory "C:\Users\HP\Desktop\myPythonCodes\tools".
2022-10-30 19:39:23,019 6680 [DEBUG] - Unable to extract binary:
 The process cannot access the file 'C:\Users\HP\Desktop\myPythonCodes\tools\checksum.exe.ignore' because it is being used by another process.
2022-10-30 19:39:23,028 7156 [DEBUG] - Unable to extract binary:
 The process cannot access the file 'C:\Users\HP\Desktop\myPythonCodes\tools\7zip.license.txt' because it is being used by another process.
2022-10-30 19:39:23,039 6680 [DEBUG] - Unable to extract binary:
 The process cannot access the file 'C:\Users\HP\Desktop\myPythonCodes\tools\shimgen.license.txt' because it is being used by another process.
2022-10-30 19:39:24,470 6680 [DEBUG] - Unable to extract binary:
 The process cannot access the file 'C:\Users\HP\Desktop\myPythonCodes\redirects\chocolatey.exe' because it is being used by another process.
2022-10-30 19:39:26,029 6680 [DEBUG] - Unable to extract binary:
 The process cannot access the file 'C:\Users\HP\Desktop\myPythonCodes\tools\shimgen.exe' because it is being used by another process.
2022-10-30 19:39:26,372 7156 [DEBUG] - Unable to extract binary:
 The process cannot access the file 'C:\Users\HP\Desktop\myPythonCodes\redirects\RefreshEnv.cmd' because it is being used by another process.
2022-10-30 19:39:26,868 6680 [DEBUG] - Unable to extract binary:
 The process cannot access the file 'C:\Users\HP\Desktop\myPythonCodes\tools\7z.exe.manifest' because it is being used by another process.
2022-10-30 19:39:26,899 7156 [DEBUG] - Command line: "C:\ProgramData\chocolatey\choco.exe"
2022-10-30 19:39:26,901 7156 [DEBUG] - Received arguments: 
2022-10-30 19:39:27,295 7156 [DEBUG] - RemovePendingPackagesTask is now ready and waiting for PreRunMessage.
2022-10-30 19:39:27,473 6680 [DEBUG] - Sending message 'PreRunMessage' out if there are subscribers...
2022-10-30 19:39:27,502 6680 [DEBUG] - [Pending] Removing all pending packages that should not be considered installed...
2022-10-30 19:39:27,503 6680 [WARN ] - Directory 'C:\Users\HP\Desktop\myPythonCodes\lib' does not exist.
2022-10-30 19:39:27,512 7156 [DEBUG] - [Pending] Removing all pending packages that should not be considered installed...
2022-10-30 19:39:27,514 7156 [WARN ] - Directory 'C:\Users\HP\Desktop\myPythonCodes\lib' does not exist.
2022-10-30 19:39:27,623 7156 [DEBUG] - Sending message 'PostRunMessage' out if there are subscribers...
2022-10-30 19:39:27,628 6680 [DEBUG] - Sending message 'PostRunMessage' out if there are subscribers...
2022-10-30 19:39:28,196 6680 [WARN ] - This is try 1/3. Retrying after 300 milliseconds.
 Error converted to warning:
 Access to the path 'ChocolateyUninstall.ps1' is denied.
2022-10-30 19:39:28,518 7156 [DEBUG] - Exiting with 1
2022-10-30 19:39:28,657 6680 [WARN ] - This is try 2/3. Retrying after 400 milliseconds.
 Error converted to warning:
 (3) The system cannot find the path specified: [\\?\C:\Users\HP\AppData\Local\Temp\chocolatey\NuGetScratch]
2022-10-30 19:39:29,076 6680 [ERROR] - Maximum tries of 3 reached. Throwing error.
2022-10-30 19:39:29,077 6680 [DEBUG] - Not able to cleanup NuGet temp folders. Failure was (3) The system cannot find the path specified: [\\?\C:\Users\HP\AppData\Local\Temp\chocolatey\NuGetScratch]
2022-10-30 19:39:29,079 6680 [DEBUG] - Exiting with 1
2022-10-30 19:40:08,962 6884 [DEBUG] - XmlConfiguration is now operational
2022-10-30 19:40:09,047 6884 [INFO ] - ============================================================
2022-10-30 19:40:09,913 6884 [DEBUG] - User may be subject to UAC, checking for a split token (not 100% 
 effective).
